<?xml version="1.0" encoding="UTF-8"?>
<!-- Generated by org.testng.reporters.JUnitXMLReporter -->
<testsuite hostname="Manzoors-MacBook-Pro.local" ignored="0" name="PNT Forum Login Page" tests="1" failures="0" timestamp="13 Mar 2019 01:14:15 GMT" time="0.1" errors="0">
  <testcase name="@BeforeMethod setUp" time="0.078" classname="base.CommonAPI">
    <failure type="java.lang.IllegalStateException" message="The driver executable does not exist: /Users/ManzoorKamran/Documents/SeleniumBatch2019/Web-AutomationJan2019/Generic/driver/chromedriver 2">
      <![CDATA[java.lang.IllegalStateException: The driver executable does not exist: /Users/ManzoorKamran/Documents/SeleniumBatch2019/Web-AutomationJan2019/Generic/driver/chromedriver 2
at com.google.common.base.Preconditions.checkState(Preconditions.java:585)
at org.openqa.selenium.remote.service.DriverService.checkExecutable(DriverService.java:146)
at org.openqa.selenium.remote.service.DriverService.findExecutable(DriverService.java:141)
at org.openqa.selenium.chrome.ChromeDriverService.access$000(ChromeDriverService.java:35)
at org.openqa.selenium.chrome.ChromeDriverService$Builder.findDefaultExecutable(ChromeDriverService.java:159)
at org.openqa.selenium.remote.service.DriverService$Builder.build(DriverService.java:355)
at org.openqa.selenium.chrome.ChromeDriverService.createDefaultService(ChromeDriverService.java:94)
at org.openqa.selenium.chrome.ChromeDriver.<init>(ChromeDriver.java:123)
at base.CommonAPI.setUp(CommonAPI.java:22)
... Removed 32 stack frames]]>
    </failure>
  </testcase> <!-- @BeforeMethod setUp -->
  <testcase name="@AfterMethod cleanUp" time="0.0" classname="base.CommonAPI">
    <skipped/>
  </testcase> <!-- @AfterMethod cleanUp -->
  <testcase name="loginPageTitle" time="0.0" classname="title.PNT_LoginPage">
    <skipped/>
  </testcase> <!-- loginPageTitle -->
</testsuite> <!-- PNT Forum Login Page -->
